<?xml version="1.0" encoding="UTF-8"?>
<testsuite xmlns:xsi="http://www.w3.org/2001/XMLSchema-instance" xsi:noNamespaceSchemaLocation="https://maven.apache.org/surefire/maven-surefire-plugin/xsd/surefire-test-report-3.0.xsd" version="3.0" name="LionParameterizedTest" time="0.003" tests="6" errors="0" skipped="0" failures="0">
  <properties>
[...]
</properties>
  <testcase name="getFoodTest[0]" classname="LionParameterizedTest" time="0.0"/>
  <testcase name="haveManeTest[0]" classname="LionParameterizedTest" time="0.0"/>
  <testcase name="getKittensNoParamsTest[0]" classname="LionParameterizedTest" time="0.0"/>
  <testcase name="getFoodTest[1]" classname="LionParameterizedTest" time="0.0"/>
  <testcase name="haveManeTest[1]" classname="LionParameterizedTest" time="0.0"/>
  <testcase name="getKittensNoParamsTest[1]" classname="LionParameterizedTest" time="0.0"/>
</testsuite>